<?xml version="1.0" encoding="UTF-8"?>
<!-- Generated by org.testng.reporters.JUnitReportReporter -->
<testsuite skipped="0" hostname="LAPTOP-DE2HCH7D" name="com.inetbanking.testCases.TC_LoginTest_001" tests="1" failures="0" timestamp="2020-06-30T06:17:52 CDT" time="5.847" errors="0">
  <testcase name="loginTest" time="5.847" classname="com.inetbanking.testCases.TC_LoginTest_001"/>
</testsuite> <!-- com.inetbanking.testCases.TC_LoginTest_001 -->
